c:\users\admin\desktop\курчач олег\taskmanager\taskmanager\debug\vc141.pdb
c:\users\admin\desktop\курчач олег\taskmanager\taskmanager\debug\.netframework,version=v4.6.1.assemblyattributes.obj
c:\users\admin\desktop\курчач олег\taskmanager\taskmanager\debug\.netframework,version=v4.6.1.assemblyattributes.asm
c:\users\admin\desktop\курчач олег\taskmanager\taskmanager\debug\mainform.obj
c:\users\admin\desktop\курчач олег\taskmanager\taskmanager\debug\aboutform.obj
c:\users\admin\desktop\курчач олег\taskmanager\debug\taskmanager.exe
c:\users\admin\desktop\курчач олег\taskmanager\debug\taskmanager.pdb
c:\users\admin\desktop\курчач олег\taskmanager\taskmanager\debug\taskmanager.mainform.resources
c:\users\admin\desktop\курчач олег\taskmanager\taskmanager\debug\taskmanager.aboutform.resources
c:\users\admin\desktop\курчач олег\taskmanager\taskmanager\debug\taskmanager.vcxproj.generateresource.cache
c:\users\admin\desktop\курчач олег\taskmanager\taskmanager\debug\taskmanager.vcxprojassemblyreference.cache
c:\users\admin\desktop\курчач олег\taskmanager\taskmanager\debug\taskmanager.tlog\cl.command.1.tlog
c:\users\admin\desktop\курчач олег\taskmanager\taskmanager\debug\taskmanager.tlog\cl.read.1.tlog
c:\users\admin\desktop\курчач олег\taskmanager\taskmanager\debug\taskmanager.tlog\cl.write.1.tlog
c:\users\admin\desktop\курчач олег\taskmanager\taskmanager\debug\taskmanager.tlog\link.command.1.tlog
c:\users\admin\desktop\курчач олег\taskmanager\taskmanager\debug\taskmanager.tlog\link.read.1.tlog
c:\users\admin\desktop\курчач олег\taskmanager\taskmanager\debug\taskmanager.tlog\link.write.1.tlog
c:\users\admin\desktop\курчач олег\taskmanager\taskmanager\debug\taskmanager.tlog\metagen.read.1.tlog
c:\users\admin\desktop\курчач олег\taskmanager\taskmanager\debug\taskmanager.tlog\metagen.write.1.tlog
c:\users\admin\desktop\курчач олег\taskmanager\taskmanager\debug\taskmanager.tlog\taskmanager.write.1u.tlog
